<?xml version="1.0" encoding="UTF-8"?>
<testsuite xmlns:xsi="http://www.w3.org/2001/XMLSchema-instance" xsi:noNamespaceSchemaLocation="https://maven.apache.org/surefire/maven-surefire-plugin/xsd/surefire-test-report.xsd" name="com.binobook.service.CustomerServiceTest" time="13.523" tests="4" errors="0" skipped="0" failures="0">
  <properties>
[...]
</properties>
  <testcase name="deleteCustomer" classname="com.binobook.service.CustomerServiceTest" time="6.477"/>
  <testcase name="addUser" classname="com.binobook.service.CustomerServiceTest" time="2.802"/>
  <testcase name="updateCustomer" classname="com.binobook.service.CustomerServiceTest" time="3.717"/>
  <testcase name="queryCustomerByParams" classname="com.binobook.service.CustomerServiceTest" time="0.516"/>
</testsuite>